<?xml version="1.0" encoding="UTF-8"?>
<testng-results ignored="0" total="1" passed="1" failed="0" skipped="0">
  <reporter-output>
  </reporter-output>
  <suite started-at="2024-08-27T20:27:40 IST" name="Default suite" finished-at="2024-08-27T20:28:28 IST" duration-ms="47639">
    <groups>
    </groups>
    <test started-at="2024-08-27T20:27:40 IST" name="Default test" finished-at="2024-08-27T20:28:28 IST" duration-ms="47639">
      <class name="testscripts.UsersDeletionAndViewUsers">
        <test-method is-config="true" signature="setBrowser()[pri:0, instance:testscripts.UsersDeletionAndViewUsers@3023df74]" started-at="2024-08-27T20:27:40 IST" name="setBrowser" finished-at="2024-08-27T20:28:16 IST" duration-ms="36227" status="PASS">
          <reporter-output>
          </reporter-output>
        </test-method> <!-- setBrowser -->
        <test-method signature="verifyDeleteProfile()[pri:0, instance:testscripts.UsersDeletionAndViewUsers@3023df74]" started-at="2024-08-27T20:28:16 IST" name="verifyDeleteProfile" finished-at="2024-08-27T20:28:28 IST" duration-ms="11362" status="PASS">
          <reporter-output>
          </reporter-output>
        </test-method> <!-- verifyDeleteProfile -->
        <test-method is-config="true" signature="closeBrowser(org.testng.ITestResult)[pri:0, instance:testscripts.UsersDeletionAndViewUsers@3023df74]" started-at="2024-08-27T20:28:28 IST" name="closeBrowser" finished-at="2024-08-27T20:28:28 IST" duration-ms="4" status="PASS">
          <params>
            <param index="0">
              <value>
                <![CDATA[[TestResult name=verifyDeleteProfile status=SUCCESS method=UsersDeletionAndViewUsers.verifyDeleteProfile()[pri:0, instance:testscripts.UsersDeletionAndViewUsers@3023df74] output={null}]]]>
              </value>
            </param>
          </params>
          <reporter-output>
          </reporter-output>
        </test-method> <!-- closeBrowser -->
      </class> <!-- testscripts.UsersDeletionAndViewUsers -->
    </test> <!-- Default test -->
  </suite> <!-- Default suite -->
</testng-results>
