<?xml version="1.0" encoding="UTF-8"?>
<!-- Generated by org.testng.reporters.JUnitXMLReporter -->
<testsuite ignored="1" hostname="LAPTOP-FD43FT9U" failures="0" tests="1" name="Default test" time="8.971" errors="0" timestamp="2024-08-13T20:02:38 IST">
  <testcase classname="testScript.HomePageScript" name="verifyHomePageTitle" time="4.386"/>
  <testcase classname="testScript.HomePageScript" name="verifyCommunityPollSelection" time="0.0">
    <ignored/>
  </testcase> <!-- verifyCommunityPollSelection -->
</testsuite> <!-- Default test -->
