<?xml version="1.0" encoding="UTF-8"?>
<!-- Generated by org.testng.reporters.JUnitXMLReporter -->
<testsuite ignored="1" hostname="LAPTOP-FD43FT9U" failures="0" tests="3" name="Default test" time="18.517" errors="0" timestamp="2024-08-09T21:05:30 IST">
  <testcase classname="testScript.LoginPageTest" name="userLoginWithInvalidCredentials" time="5.439"/>
  <testcase classname="testScript.LoginPageTest" name="userLoginWithInvalidCredentials" time="3.651"/>
  <testcase classname="testScript.LoginPageTest" name="userLoginWithInvalidCredentials" time="3.862"/>
  <testcase classname="testScript.LoginPageTest" name="userLoginWithValidCredentials" time="0.0">
    <ignored/>
  </testcase> <!-- userLoginWithValidCredentials -->
</testsuite> <!-- Default test -->
