<?xml version="1.0" encoding="UTF-8"?>
<!-- Generated by org.testng.reporters.JUnitXMLReporter -->
<testsuite ignored="1" hostname="LAPTOP-FD43FT9U" failures="0" tests="1" name="ChromeTest" time="5.813" errors="0" timestamp="2024-09-03T18:33:22 IST">
  <testcase classname="testScript.HomePageScript" name="verifyHomePageTitle" time="3.743"/>
  <testcase classname="testScript.HomePageScript" name="verifyCommunityPollSelection" time="0.0">
    <ignored/>
  </testcase> <!-- verifyCommunityPollSelection -->
</testsuite> <!-- ChromeTest -->
