<?xml version="1.0" encoding="UTF-8"?>
<!-- Generated by org.testng.reporters.JUnitXMLReporter -->
<testsuite ignored="1" hostname="LAPTOP-FD43FT9U" failures="0" tests="1" name="ChromeTest" time="15.356" errors="0" timestamp="2024-08-29T19:28:25 IST">
  <testcase classname="testScript.HomePageScript" name="verifyHomePageTitle" time="4.754"/>
  <testcase classname="testScript.HomePageScript" name="verifyCommunityPollSelection" time="0.0">
    <ignored/>
  </testcase> <!-- verifyCommunityPollSelection -->
</testsuite> <!-- ChromeTest -->
