<?xml version="1.0" encoding="UTF-8"?>
<!-- Generated by org.testng.reporters.JUnitXMLReporter -->
<testsuite ignored="0" hostname="LAPTOP-FD43FT9U" failures="0" tests="4" name="EdgeTest" time="39.183" errors="0" timestamp="2024-08-29T19:29:05 IST">
  <testcase classname="testScript.LoginPageTest" name="userLoginWithInvalidCredentials" time="4.561"/>
  <testcase classname="testScript.LoginPageTest" name="userLoginWithInvalidCredentials" time="5.232"/>
  <testcase classname="testScript.LoginPageTest" name="userLoginWithInvalidCredentials" time="4.001"/>
  <testcase classname="testScript.LoginPageTest" name="userLoginWithValidCredentials" time="6.476"/>
</testsuite> <!-- EdgeTest -->
