<?xml version="1.0" encoding="UTF-8"?>
<!-- Generated by org.testng.reporters.JUnitXMLReporter -->
<testsuite ignored="0" hostname="LAPTOP-FD43FT9U" failures="3" tests="4" name="EdgeTest" time="34.288" errors="0" timestamp="2024-08-19T20:08:55 IST">
  <testcase classname="testScript.LoginPageTest" name="userLoginWithInvalidCredentials" time="5.591">
    <failure type="java.lang.AssertionError" message="Login was unsuccessful. Please correct the errors and try again. expected:&amp;lt;Login was unsuccessful. Please correct the errors and try again.&amp;gt; but was:&amp;lt;Invalid login message&amp;gt;">
      <![CDATA[java.lang.AssertionError: Login was unsuccessful. Please correct the errors and try again. expected:<Login was unsuccessful. Please correct the errors and try again.> but was:<Invalid login message>
at testScript.LoginPageTest.userLoginWithInvalidCredentials(LoginPageTest.java:71)
at java.base/java.util.ArrayList.forEach(ArrayList.java:1511)
... Removed 28 stack frames]]>
    </failure>
  </testcase> <!-- userLoginWithInvalidCredentials -->
  <testcase classname="testScript.LoginPageTest" name="userLoginWithInvalidCredentials" time="4.259">
    <failure type="java.lang.AssertionError" message="Login was unsuccessful. Please correct the errors and try again. expected:&amp;lt;Login was unsuccessful. Please correct the errors and try again.&amp;gt; but was:&amp;lt;Invalid login message&amp;gt;">
      <![CDATA[java.lang.AssertionError: Login was unsuccessful. Please correct the errors and try again. expected:<Login was unsuccessful. Please correct the errors and try again.> but was:<Invalid login message>
at testScript.LoginPageTest.userLoginWithInvalidCredentials(LoginPageTest.java:71)
at java.base/java.util.ArrayList.forEach(ArrayList.java:1511)
... Removed 28 stack frames]]>
    </failure>
  </testcase> <!-- userLoginWithInvalidCredentials -->
  <testcase classname="testScript.LoginPageTest" name="userLoginWithInvalidCredentials" time="3.645">
    <failure type="java.lang.AssertionError" message="Login was unsuccessful. Please correct the errors and try again. expected:&amp;lt;Login was unsuccessful. Please correct the errors and try again.&amp;gt; but was:&amp;lt;Invalid login message&amp;gt;">
      <![CDATA[java.lang.AssertionError: Login was unsuccessful. Please correct the errors and try again. expected:<Login was unsuccessful. Please correct the errors and try again.> but was:<Invalid login message>
at testScript.LoginPageTest.userLoginWithInvalidCredentials(LoginPageTest.java:71)
at java.base/java.util.ArrayList.forEach(ArrayList.java:1511)
... Removed 28 stack frames]]>
    </failure>
  </testcase> <!-- userLoginWithInvalidCredentials -->
  <testcase classname="testScript.LoginPageTest" name="userLoginWithValidCredentials" time="6.99"/>
</testsuite> <!-- EdgeTest -->
