<?xml version="1.0" encoding="UTF-8"?>
<!-- Generated by org.testng.reporters.JUnitXMLReporter -->
<testsuite ignored="0" hostname="LAPTOP-FD43FT9U" failures="0" tests="4" name="LoginPageTest" time="27.348" errors="0" timestamp="2024-08-20T21:12:16 IST">
  <testcase classname="testScript.LoginPageTest" name="userLoginWithInvalidCredentials" time="6.887"/>
  <testcase classname="testScript.LoginPageTest" name="userLoginWithInvalidCredentials" time="4.555"/>
  <testcase classname="testScript.LoginPageTest" name="userLoginWithInvalidCredentials" time="3.532"/>
  <testcase classname="testScript.LoginPageTest" name="userLoginWithValidCredentials" time="5.463"/>
</testsuite> <!-- LoginPageTest -->
