<?xml version="1.0" encoding="UTF-8"?>
<!-- Generated by org.testng.reporters.JUnitXMLReporter -->
<testsuite ignored="0" hostname="LAPTOP-FD43FT9U" failures="0" tests="4" name="Test" time="28.73" errors="0" timestamp="2024-08-23T20:27:22 IST">
  <testcase classname="testScript.LoginPageTest" name="userLoginWithInvalidCredentials" time="5.56"/>
  <testcase classname="testScript.LoginPageTest" name="userLoginWithInvalidCredentials" time="3.896"/>
  <testcase classname="testScript.LoginPageTest" name="userLoginWithInvalidCredentials" time="4.139"/>
  <testcase classname="testScript.LoginPageTest" name="userLoginWithValidCredentials" time="6.654"/>
</testsuite> <!-- Test -->
