<?xml version="1.0" encoding="UTF-8"?>
<!-- Generated by org.testng.reporters.JUnitXMLReporter -->
<testsuite ignored="0" hostname="LAPTOP-FD43FT9U" failures="0" tests="4" name="verifyHomePageTitle" time="24.571" errors="0" timestamp="2024-08-19T20:59:41 IST">
  <testcase classname="testScript.LoginPageTest" name="userLoginWithInvalidCredentials" time="5.303"/>
  <testcase classname="testScript.LoginPageTest" name="userLoginWithInvalidCredentials" time="4.069"/>
  <testcase classname="testScript.LoginPageTest" name="userLoginWithInvalidCredentials" time="4.063"/>
  <testcase classname="testScript.LoginPageTest" name="userLoginWithValidCredentials" time="5.036"/>
</testsuite> <!-- verifyHomePageTitle -->
