<?xml version="1.0" encoding="UTF-8"?>
<testng-results ignored="0" total="6" passed="5" failed="0" skipped="1">
  <reporter-output>
  </reporter-output>
  <suite started-at="2024-08-29T19:28:10 IST" name="Suite" finished-at="2024-08-29T19:29:05 IST" duration-ms="54677">
    <groups>
      <group name="Sanity">
        <method signature="HomePageScript.verifyHomePageTitle()[pri:0, instance:testScript.HomePageScript@4562e04d]" name="verifyHomePageTitle" class="testScript.HomePageScript"/>
        <method signature="LoginPageTest.userLoginWithValidCredentials()[pri:0, instance:testScript.LoginPageTest@3eb25e1a]" name="userLoginWithValidCredentials" class="testScript.LoginPageTest"/>
      </group> <!-- Sanity -->
      <group name="Smoke">
        <method signature="LoginPageTest.userLoginWithValidCredentials()[pri:0, instance:testScript.LoginPageTest@3eb25e1a]" name="userLoginWithValidCredentials" class="testScript.LoginPageTest"/>
      </group> <!-- Smoke -->
    </groups>
    <test started-at="2024-08-29T19:28:10 IST" name="ChromeTest" finished-at="2024-08-29T19:28:25 IST" duration-ms="15356">
      <class name="testScript.HomePageScript">
        <test-method is-config="true" signature="setBrowser(java.lang.String)[pri:0, instance:testScript.HomePageScript@4562e04d]" started-at="2024-08-29T19:28:10 IST" name="setBrowser" finished-at="2024-08-29T19:28:20 IST" duration-ms="10257" status="PASS">
          <params>
            <param index="0">
              <value>
                <![CDATA[Chrome]]>
              </value>
            </param>
          </params>
          <reporter-output>
          </reporter-output>
        </test-method> <!-- setBrowser -->
        <test-method signature="verifyHomePageTitle()[pri:0, instance:testScript.HomePageScript@4562e04d]" started-at="2024-08-29T19:28:20 IST" name="verifyHomePageTitle" finished-at="2024-08-29T19:28:25 IST" duration-ms="4754" status="PASS">
          <reporter-output>
          </reporter-output>
        </test-method> <!-- verifyHomePageTitle -->
        <test-method is-config="true" signature="closeBrowser(org.testng.ITestResult)[pri:0, instance:testScript.HomePageScript@4562e04d]" started-at="2024-08-29T19:28:25 IST" name="closeBrowser" finished-at="2024-08-29T19:28:25 IST" duration-ms="267" status="PASS">
          <params>
            <param index="0">
              <value>
                <![CDATA[[TestResult name=verifyHomePageTitle status=SUCCESS method=HomePageScript.verifyHomePageTitle()[pri:0, instance:testScript.HomePageScript@4562e04d] output={null}]]]>
              </value>
            </param>
          </params>
          <reporter-output>
          </reporter-output>
        </test-method> <!-- closeBrowser -->
      </class> <!-- testScript.HomePageScript -->
    </test> <!-- ChromeTest -->
    <test started-at="2024-08-29T19:28:25 IST" name="EdgeTest" finished-at="2024-08-29T19:29:05 IST" duration-ms="39183">
      <class name="testScript.LoginPageTest">
        <test-method is-config="true" signature="setBrowser(java.lang.String)[pri:0, instance:testScript.LoginPageTest@3eb25e1a]" started-at="2024-08-29T19:28:25 IST" name="setBrowser" finished-at="2024-08-29T19:28:34 IST" duration-ms="9085" status="PASS">
          <params>
            <param index="0">
              <value>
                <![CDATA[Edge]]>
              </value>
            </param>
          </params>
          <reporter-output>
          </reporter-output>
        </test-method> <!-- setBrowser -->
        <test-method signature="userLoginWithInvalidCredentials(java.lang.String,java.lang.String)[pri:0, instance:testScript.LoginPageTest@3eb25e1a]" started-at="2024-08-29T19:28:34 IST" name="userLoginWithInvalidCredentials" data-provider="invalidUserCredentials" finished-at="2024-08-29T19:28:39 IST" duration-ms="4561" status="PASS">
          <params>
            <param index="0">
              <value>
                <![CDATA[poojapremkuma1@gmail.com]]>
              </value>
            </param>
            <param index="1">
              <value>
                <![CDATA[poojapremkumar]]>
              </value>
            </param>
          </params>
          <reporter-output>
          </reporter-output>
        </test-method> <!-- userLoginWithInvalidCredentials -->
        <test-method is-config="true" signature="closeBrowser(org.testng.ITestResult)[pri:0, instance:testScript.LoginPageTest@3eb25e1a]" started-at="2024-08-29T19:28:39 IST" name="closeBrowser" finished-at="2024-08-29T19:28:39 IST" duration-ms="170" status="PASS">
          <params>
            <param index="0">
              <value>
                <![CDATA[[TestResult name=userLoginWithInvalidCredentials status=SUCCESS method=LoginPageTest.userLoginWithInvalidCredentials(java.lang.String,java.lang.String)[pri:0, instance:testScript.LoginPageTest@3eb25e1a] output={null}]]]>
              </value>
            </param>
          </params>
          <reporter-output>
          </reporter-output>
        </test-method> <!-- closeBrowser -->
        <test-method is-config="true" signature="setBrowser(java.lang.String)[pri:0, instance:testScript.LoginPageTest@3eb25e1a]" started-at="2024-08-29T19:28:39 IST" name="setBrowser" finished-at="2024-08-29T19:28:42 IST" duration-ms="3101" status="PASS">
          <params>
            <param index="0">
              <value>
                <![CDATA[Edge]]>
              </value>
            </param>
          </params>
          <reporter-output>
          </reporter-output>
        </test-method> <!-- setBrowser -->
        <test-method signature="userLoginWithInvalidCredentials(java.lang.String,java.lang.String)[pri:0, instance:testScript.LoginPageTest@3eb25e1a]" started-at="2024-08-29T19:28:42 IST" name="userLoginWithInvalidCredentials" data-provider="invalidUserCredentials" finished-at="2024-08-29T19:28:48 IST" duration-ms="5232" status="PASS">
          <params>
            <param index="0">
              <value>
                <![CDATA[poojapremkumar@gmail.com]]>
              </value>
            </param>
            <param index="1">
              <value>
                <![CDATA[poojapremkumar11]]>
              </value>
            </param>
          </params>
          <reporter-output>
          </reporter-output>
        </test-method> <!-- userLoginWithInvalidCredentials -->
        <test-method is-config="true" signature="closeBrowser(org.testng.ITestResult)[pri:0, instance:testScript.LoginPageTest@3eb25e1a]" started-at="2024-08-29T19:28:48 IST" name="closeBrowser" finished-at="2024-08-29T19:28:48 IST" duration-ms="154" status="PASS">
          <params>
            <param index="0">
              <value>
                <![CDATA[[TestResult name=userLoginWithInvalidCredentials status=SUCCESS method=LoginPageTest.userLoginWithInvalidCredentials(java.lang.String,java.lang.String)[pri:0, instance:testScript.LoginPageTest@3eb25e1a] output={null}]]]>
              </value>
            </param>
          </params>
          <reporter-output>
          </reporter-output>
        </test-method> <!-- closeBrowser -->
        <test-method is-config="true" signature="setBrowser(java.lang.String)[pri:0, instance:testScript.LoginPageTest@3eb25e1a]" started-at="2024-08-29T19:28:48 IST" name="setBrowser" finished-at="2024-08-29T19:28:51 IST" duration-ms="2953" status="PASS">
          <params>
            <param index="0">
              <value>
                <![CDATA[Edge]]>
              </value>
            </param>
          </params>
          <reporter-output>
          </reporter-output>
        </test-method> <!-- setBrowser -->
        <test-method signature="userLoginWithInvalidCredentials(java.lang.String,java.lang.String)[pri:0, instance:testScript.LoginPageTest@3eb25e1a]" started-at="2024-08-29T19:28:51 IST" name="userLoginWithInvalidCredentials" data-provider="invalidUserCredentials" finished-at="2024-08-29T19:28:55 IST" duration-ms="4001" status="PASS">
          <params>
            <param index="0">
              <value>
                <![CDATA[poojapremkur@gmail.com]]>
              </value>
            </param>
            <param index="1">
              <value>
                <![CDATA[poojapremk575]]>
              </value>
            </param>
          </params>
          <reporter-output>
          </reporter-output>
        </test-method> <!-- userLoginWithInvalidCredentials -->
        <test-method is-config="true" signature="closeBrowser(org.testng.ITestResult)[pri:0, instance:testScript.LoginPageTest@3eb25e1a]" started-at="2024-08-29T19:28:55 IST" name="closeBrowser" finished-at="2024-08-29T19:28:55 IST" duration-ms="174" status="PASS">
          <params>
            <param index="0">
              <value>
                <![CDATA[[TestResult name=userLoginWithInvalidCredentials status=SUCCESS method=LoginPageTest.userLoginWithInvalidCredentials(java.lang.String,java.lang.String)[pri:0, instance:testScript.LoginPageTest@3eb25e1a] output={null}]]]>
              </value>
            </param>
          </params>
          <reporter-output>
          </reporter-output>
        </test-method> <!-- closeBrowser -->
        <test-method is-config="true" signature="setBrowser(java.lang.String)[pri:0, instance:testScript.LoginPageTest@3eb25e1a]" started-at="2024-08-29T19:28:55 IST" name="setBrowser" finished-at="2024-08-29T19:28:58 IST" duration-ms="3062" status="PASS">
          <params>
            <param index="0">
              <value>
                <![CDATA[Edge]]>
              </value>
            </param>
          </params>
          <reporter-output>
          </reporter-output>
        </test-method> <!-- setBrowser -->
        <test-method signature="userLoginWithValidCredentials()[pri:0, instance:testScript.LoginPageTest@3eb25e1a]" started-at="2024-08-29T19:28:58 IST" name="userLoginWithValidCredentials" finished-at="2024-08-29T19:29:04 IST" duration-ms="6476" status="PASS">
          <reporter-output>
          </reporter-output>
        </test-method> <!-- userLoginWithValidCredentials -->
        <test-method is-config="true" signature="closeBrowser(org.testng.ITestResult)[pri:0, instance:testScript.LoginPageTest@3eb25e1a]" started-at="2024-08-29T19:29:04 IST" name="closeBrowser" finished-at="2024-08-29T19:29:05 IST" duration-ms="185" status="PASS">
          <params>
            <param index="0">
              <value>
                <![CDATA[[TestResult name=userLoginWithValidCredentials status=SUCCESS method=LoginPageTest.userLoginWithValidCredentials()[pri:0, instance:testScript.LoginPageTest@3eb25e1a] output={null}]]]>
              </value>
            </param>
          </params>
          <reporter-output>
          </reporter-output>
        </test-method> <!-- closeBrowser -->
      </class> <!-- testScript.LoginPageTest -->
    </test> <!-- EdgeTest -->
    <test started-at="2024-08-29T19:29:05 IST" name="FirefoxTest" finished-at="2024-08-29T19:29:05 IST" duration-ms="25">
      <class name="testScript.RegisterPageTest">
        <test-method is-config="true" signature="setBrowser(java.lang.String)[pri:0, instance:testScript.RegisterPageTest@179ece50]" started-at="2024-08-29T19:29:05 IST" name="setBrowser" finished-at="2024-08-29T19:29:05 IST" duration-ms="5" status="FAIL">
          <params>
            <param index="0">
              <value>
                <![CDATA[FireFox]]>
              </value>
            </param>
          </params>
          <exception class="java.lang.RuntimeException">
            <message>
              <![CDATA[invalid Browser]]>
            </message>
            <full-stacktrace>
              <![CDATA[java.lang.RuntimeException: invalid Browser
at org.automationCore.Base.initializeBrowser(Base.java:39)
at org.automationCore.Base.setBrowser(Base.java:51)
at java.base/jdk.internal.reflect.NativeMethodAccessorImpl.invoke0(Native Method)
at java.base/jdk.internal.reflect.NativeMethodAccessorImpl.invoke(NativeMethodAccessorImpl.java:77)
at java.base/jdk.internal.reflect.DelegatingMethodAccessorImpl.invoke(DelegatingMethodAccessorImpl.java:43)
at java.base/java.lang.reflect.Method.invoke(Method.java:568)
at org.testng.internal.invokers.MethodInvocationHelper.invokeMethod(MethodInvocationHelper.java:139)
at org.testng.internal.invokers.MethodInvocationHelper.invokeMethodConsideringTimeout(MethodInvocationHelper.java:69)
at org.testng.internal.invokers.ConfigInvoker.invokeConfigurationMethod(ConfigInvoker.java:390)
at org.testng.internal.invokers.ConfigInvoker.invokeConfigurations(ConfigInvoker.java:325)
at org.testng.internal.invokers.TestInvoker.runConfigMethods(TestInvoker.java:810)
at org.testng.internal.invokers.TestInvoker.invokeMethod(TestInvoker.java:577)
at org.testng.internal.invokers.TestInvoker.invokeTestMethod(TestInvoker.java:227)
at org.testng.internal.invokers.MethodRunner.runInSequence(MethodRunner.java:50)
at org.testng.internal.invokers.TestInvoker$MethodInvocationAgent.invoke(TestInvoker.java:957)
at org.testng.internal.invokers.TestInvoker.invokeTestMethods(TestInvoker.java:200)
at org.testng.internal.invokers.TestMethodWorker.invokeTestMethods(TestMethodWorker.java:148)
at org.testng.internal.invokers.TestMethodWorker.run(TestMethodWorker.java:128)
at java.base/java.util.ArrayList.forEach(ArrayList.java:1511)
at org.testng.TestRunner.privateRun(TestRunner.java:848)
at org.testng.TestRunner.run(TestRunner.java:621)
at org.testng.SuiteRunner.runTest(SuiteRunner.java:443)
at org.testng.SuiteRunner.runSequentially(SuiteRunner.java:437)
at org.testng.SuiteRunner.privateRun(SuiteRunner.java:397)
at org.testng.SuiteRunner.run(SuiteRunner.java:336)
at org.testng.SuiteRunnerWorker.runSuite(SuiteRunnerWorker.java:52)
at org.testng.SuiteRunnerWorker.run(SuiteRunnerWorker.java:95)
at org.testng.TestNG.runSuitesSequentially(TestNG.java:1280)
at org.testng.TestNG.runSuitesLocally(TestNG.java:1200)
at org.testng.TestNG.runSuites(TestNG.java:1114)
at org.testng.TestNG.run(TestNG.java:1082)
at org.testng.remote.AbstractRemoteTestNG.run(AbstractRemoteTestNG.java:115)
at org.testng.remote.RemoteTestNG.initAndRun(RemoteTestNG.java:293)
at org.testng.remote.RemoteTestNG.main(RemoteTestNG.java:91)
]]>
            </full-stacktrace>
          </exception> <!-- java.lang.RuntimeException -->
          <reporter-output>
          </reporter-output>
        </test-method> <!-- setBrowser -->
        <test-method signature="userRegistration()[pri:0, instance:testScript.RegisterPageTest@179ece50]" started-at="2024-08-29T19:29:05 IST" name="userRegistration" finished-at="2024-08-29T19:29:05 IST" duration-ms="0" status="SKIP">
          <exception class="java.lang.RuntimeException">
            <message>
              <![CDATA[invalid Browser]]>
            </message>
            <full-stacktrace>
              <![CDATA[java.lang.RuntimeException: invalid Browser
at org.automationCore.Base.initializeBrowser(Base.java:39)
at org.automationCore.Base.setBrowser(Base.java:51)
at java.base/jdk.internal.reflect.NativeMethodAccessorImpl.invoke0(Native Method)
at java.base/jdk.internal.reflect.NativeMethodAccessorImpl.invoke(NativeMethodAccessorImpl.java:77)
at java.base/jdk.internal.reflect.DelegatingMethodAccessorImpl.invoke(DelegatingMethodAccessorImpl.java:43)
at java.base/java.lang.reflect.Method.invoke(Method.java:568)
at org.testng.internal.invokers.MethodInvocationHelper.invokeMethod(MethodInvocationHelper.java:139)
at org.testng.internal.invokers.MethodInvocationHelper.invokeMethodConsideringTimeout(MethodInvocationHelper.java:69)
at org.testng.internal.invokers.ConfigInvoker.invokeConfigurationMethod(ConfigInvoker.java:390)
at org.testng.internal.invokers.ConfigInvoker.invokeConfigurations(ConfigInvoker.java:325)
at org.testng.internal.invokers.TestInvoker.runConfigMethods(TestInvoker.java:810)
at org.testng.internal.invokers.TestInvoker.invokeMethod(TestInvoker.java:577)
at org.testng.internal.invokers.TestInvoker.invokeTestMethod(TestInvoker.java:227)
at org.testng.internal.invokers.MethodRunner.runInSequence(MethodRunner.java:50)
at org.testng.internal.invokers.TestInvoker$MethodInvocationAgent.invoke(TestInvoker.java:957)
at org.testng.internal.invokers.TestInvoker.invokeTestMethods(TestInvoker.java:200)
at org.testng.internal.invokers.TestMethodWorker.invokeTestMethods(TestMethodWorker.java:148)
at org.testng.internal.invokers.TestMethodWorker.run(TestMethodWorker.java:128)
at java.base/java.util.ArrayList.forEach(ArrayList.java:1511)
at org.testng.TestRunner.privateRun(TestRunner.java:848)
at org.testng.TestRunner.run(TestRunner.java:621)
at org.testng.SuiteRunner.runTest(SuiteRunner.java:443)
at org.testng.SuiteRunner.runSequentially(SuiteRunner.java:437)
at org.testng.SuiteRunner.privateRun(SuiteRunner.java:397)
at org.testng.SuiteRunner.run(SuiteRunner.java:336)
at org.testng.SuiteRunnerWorker.runSuite(SuiteRunnerWorker.java:52)
at org.testng.SuiteRunnerWorker.run(SuiteRunnerWorker.java:95)
at org.testng.TestNG.runSuitesSequentially(TestNG.java:1280)
at org.testng.TestNG.runSuitesLocally(TestNG.java:1200)
at org.testng.TestNG.runSuites(TestNG.java:1114)
at org.testng.TestNG.run(TestNG.java:1082)
at org.testng.remote.AbstractRemoteTestNG.run(AbstractRemoteTestNG.java:115)
at org.testng.remote.RemoteTestNG.initAndRun(RemoteTestNG.java:293)
at org.testng.remote.RemoteTestNG.main(RemoteTestNG.java:91)
]]>
            </full-stacktrace>
          </exception> <!-- java.lang.RuntimeException -->
          <reporter-output>
          </reporter-output>
        </test-method> <!-- userRegistration -->
        <test-method is-config="true" signature="closeBrowser(org.testng.ITestResult)[pri:0, instance:testScript.RegisterPageTest@179ece50]" started-at="2024-08-29T19:29:05 IST" name="closeBrowser" finished-at="2024-08-29T19:29:05 IST" duration-ms="1" status="FAIL">
          <params>
            <param index="0">
              <value>
                <![CDATA[[TestResult name={null} status=CREATED method=RegisterPageTest.userRegistration()[pri:0, instance:testScript.RegisterPageTest@179ece50] output={null}]]]>
              </value>
            </param>
          </params>
          <exception class="java.lang.NullPointerException">
            <message>
              <![CDATA[Cannot invoke "org.openqa.selenium.WebDriver.close()" because "this.driver" is null]]>
            </message>
            <full-stacktrace>
              <![CDATA[java.lang.NullPointerException: Cannot invoke "org.openqa.selenium.WebDriver.close()" because "this.driver" is null
at org.automationCore.Base.closeBrowser(Base.java:65)
at java.base/jdk.internal.reflect.NativeMethodAccessorImpl.invoke0(Native Method)
at java.base/jdk.internal.reflect.NativeMethodAccessorImpl.invoke(NativeMethodAccessorImpl.java:77)
at java.base/jdk.internal.reflect.DelegatingMethodAccessorImpl.invoke(DelegatingMethodAccessorImpl.java:43)
at java.base/java.lang.reflect.Method.invoke(Method.java:568)
at org.testng.internal.invokers.MethodInvocationHelper.invokeMethod(MethodInvocationHelper.java:139)
at org.testng.internal.invokers.MethodInvocationHelper.invokeMethodConsideringTimeout(MethodInvocationHelper.java:69)
at org.testng.internal.invokers.ConfigInvoker.invokeConfigurationMethod(ConfigInvoker.java:390)
at org.testng.internal.invokers.ConfigInvoker.invokeConfigurations(ConfigInvoker.java:325)
at org.testng.internal.invokers.TestInvoker.runConfigMethods(TestInvoker.java:810)
at org.testng.internal.invokers.TestInvoker.runAfterConfigurations(TestInvoker.java:779)
at org.testng.internal.invokers.TestInvoker.invokeMethod(TestInvoker.java:600)
at org.testng.internal.invokers.TestInvoker.invokeTestMethod(TestInvoker.java:227)
at org.testng.internal.invokers.MethodRunner.runInSequence(MethodRunner.java:50)
at org.testng.internal.invokers.TestInvoker$MethodInvocationAgent.invoke(TestInvoker.java:957)
at org.testng.internal.invokers.TestInvoker.invokeTestMethods(TestInvoker.java:200)
at org.testng.internal.invokers.TestMethodWorker.invokeTestMethods(TestMethodWorker.java:148)
at org.testng.internal.invokers.TestMethodWorker.run(TestMethodWorker.java:128)
at java.base/java.util.ArrayList.forEach(ArrayList.java:1511)
at org.testng.TestRunner.privateRun(TestRunner.java:848)
at org.testng.TestRunner.run(TestRunner.java:621)
at org.testng.SuiteRunner.runTest(SuiteRunner.java:443)
at org.testng.SuiteRunner.runSequentially(SuiteRunner.java:437)
at org.testng.SuiteRunner.privateRun(SuiteRunner.java:397)
at org.testng.SuiteRunner.run(SuiteRunner.java:336)
at org.testng.SuiteRunnerWorker.runSuite(SuiteRunnerWorker.java:52)
at org.testng.SuiteRunnerWorker.run(SuiteRunnerWorker.java:95)
at org.testng.TestNG.runSuitesSequentially(TestNG.java:1280)
at org.testng.TestNG.runSuitesLocally(TestNG.java:1200)
at org.testng.TestNG.runSuites(TestNG.java:1114)
at org.testng.TestNG.run(TestNG.java:1082)
at org.testng.remote.AbstractRemoteTestNG.run(AbstractRemoteTestNG.java:115)
at org.testng.remote.RemoteTestNG.initAndRun(RemoteTestNG.java:293)
at org.testng.remote.RemoteTestNG.main(RemoteTestNG.java:91)
]]>
            </full-stacktrace>
          </exception> <!-- java.lang.NullPointerException -->
          <reporter-output>
          </reporter-output>
        </test-method> <!-- closeBrowser -->
      </class> <!-- testScript.RegisterPageTest -->
    </test> <!-- FirefoxTest -->
  </suite> <!-- Suite -->
</testng-results>
