<?xml version="1.0" encoding="UTF-8"?>
<!-- Generated by org.testng.reporters.JUnitXMLReporter -->
<testsuite ignored="1" hostname="LAPTOP-FD43FT9U" failures="0" tests="1" name="ChromeTest" time="13.664" errors="0" timestamp="2024-09-03T23:57:34 IST">
  <testcase classname="testscripts.CreateUsersPageTest" name="verifyAddUser" time="8.124"/>
  <testcase classname="testscripts.CreateUsersPageTest" name="verifyLoginWithNewlyAddUser" time="0.0">
    <ignored/>
  </testcase> <!-- verifyLoginWithNewlyAddUser -->
</testsuite> <!-- ChromeTest -->
