<?xml version="1.0" encoding="UTF-8"?>
<!-- Generated by org.testng.reporters.JUnitXMLReporter -->
<testsuite ignored="0" hostname="LAPTOP-FD43FT9U" failures="0" tests="4" name="EdgeTest" time="53.0" errors="0" timestamp="2024-09-03T19:17:50 IST">
  <testcase classname="testscripts.LoginTest" name="errorMessageWithInvalidCredentials" time="1.128"/>
  <testcase classname="testscripts.LoginTest" name="errorMessageWithInvalidCredentials" time="0.978"/>
  <testcase classname="testscripts.LoginTest" name="errorMessageWithInvalidCredentials" time="1.116"/>
  <testcase classname="testscripts.LoginTest" name="userLoginWithValidCredentials" time="3.457"/>
</testsuite> <!-- EdgeTest -->
