<?xml version="1.0" encoding="UTF-8"?>
<!-- Generated by org.testng.reporters.JUnitXMLReporter -->
<testsuite ignored="0" hostname="LAPTOP-FD43FT9U" failures="0" tests="4" name="EdgeTest" time="31.15" errors="0" timestamp="2024-09-03T23:58:05 IST">
  <testcase classname="testscripts.LoginTest" name="errorMessageWithInvalidCredentials" time="0.924"/>
  <testcase classname="testscripts.LoginTest" name="errorMessageWithInvalidCredentials" time="0.999"/>
  <testcase classname="testscripts.LoginTest" name="errorMessageWithInvalidCredentials" time="0.986"/>
  <testcase classname="testscripts.LoginTest" name="userLoginWithValidCredentials" time="2.812"/>
</testsuite> <!-- EdgeTest -->
