<?xml version="1.0" encoding="UTF-8"?>
<!-- Generated by org.testng.reporters.JUnitXMLReporter -->
<testsuite ignored="0" hostname="LAPTOP-FD43FT9U" failures="0" tests="4" name="FirefoxTest" time="105.912" errors="0" timestamp="2024-09-03T23:59:51 IST">
  <testcase classname="testscripts.UserPageTest" name="editCreatedUser" time="12.035"/>
  <testcase classname="testscripts.UserPageTest" name="verifyDeleteProfile" time="10.448"/>
  <testcase classname="testscripts.UserPageTest" name="viewUserProfile" time="15.238">
    <skipped/>
  </testcase> <!-- viewUserProfile -->
  <testcase classname="testscripts.UserPageTest" name="viewUserProfile" time="9.212"/>
</testsuite> <!-- FirefoxTest -->
