<?xml version="1.0" encoding="UTF-8"?>
<!-- Generated by org.testng.reporters.JUnitXMLReporter -->
<testsuite ignored="0" hostname="LAPTOP-FD43FT9U" failures="0" tests="4" name="LoginTest" time="62.372" errors="0" timestamp="2024-09-03T19:39:12 IST">
  <testcase classname="testscripts.LoginTest" name="errorMessageWithInvalidCredentials" time="1.017"/>
  <testcase classname="testscripts.LoginTest" name="errorMessageWithInvalidCredentials" time="0.812"/>
  <testcase classname="testscripts.LoginTest" name="errorMessageWithInvalidCredentials" time="1.084"/>
  <testcase classname="testscripts.LoginTest" name="userLoginWithValidCredentials" time="5.924"/>
</testsuite> <!-- LoginTest -->
