<?xml version="1.0" encoding="UTF-8"?>
<!-- Generated by org.testng.reporters.JUnitXMLReporter -->
<testsuite ignored="0" hostname="LAPTOP-FD43FT9U" failures="0" tests="14" name="Test" time="235.235" errors="0" timestamp="2024-09-10T19:46:01 IST">
  <testcase classname="testscripts.HomePageTest" name="userLoginDate" time="14.874">
    <skipped/>
  </testcase> <!-- userLoginDate -->
  <testcase classname="testscripts.HomePageTest" name="userLoginDate" time="14.049">
    <skipped/>
  </testcase> <!-- userLoginDate -->
  <testcase classname="testscripts.HomePageTest" name="userLoginDate" time="3.927"/>
  <testcase classname="testscripts.LoginTest" name="errorMessageWithInvalidCredentials" time="1.301"/>
  <testcase classname="testscripts.LoginTest" name="errorMessageWithInvalidCredentials" time="1.09"/>
  <testcase classname="testscripts.LoginTest" name="errorMessageWithInvalidCredentials" time="1.267"/>
  <testcase classname="testscripts.LoginTest" name="userLoginWithValidCredentials" time="4.826"/>
  <testcase classname="testscripts.ResetTest" name="errormessagewithInvalidEmailid" time="1.709"/>
  <testcase classname="testscripts.ResetTest" name="passwordResetwithValidEmailid" time="2.432"/>
  <testcase classname="testscripts.UserPageTest" name="editCreatedUser" time="12.769"/>
  <testcase classname="testscripts.UserPageTest" name="verifyDeleteProfile" time="13.59"/>
  <testcase classname="testscripts.UserPageTest" name="viewUserProfile" time="14.893"/>
  <testcase classname="testscripts.UserProfilePageTest" name="profileUserLogout" time="4.558"/>
  <testcase classname="testscripts.UserProfilePageTest" name="verifyEditProfile" time="4.59"/>
</testsuite> <!-- Test -->
