<?xml version="1.0" encoding="UTF-8"?>
<!-- Generated by org.testng.reporters.JUnitXMLReporter -->
<testsuite ignored="1" hostname="LAPTOP-FD43FT9U" failures="0" tests="1" name="Default test" time="24.064" errors="0" timestamp="2024-08-27T21:25:18 IST">
  <testcase classname="testscripts.UsersDeletionAndViewUsers" name="viewUserProfile" time="13.894"/>
  <testcase classname="testscripts.UsersDeletionAndViewUsers" name="verifyDeleteProfile" time="0.0">
    <ignored/>
  </testcase> <!-- verifyDeleteProfile -->
</testsuite> <!-- Default test -->
