<?xml version="1.0" encoding="UTF-8"?>
<!-- Generated by org.testng.reporters.JUnitXMLReporter -->
<testsuite ignored="1" hostname="LAPTOP-FD43FT9U" failures="0" tests="1" name="Default test" time="24.206" errors="0" timestamp="2024-08-29T19:36:31 IST">
  <testcase classname="testscripts.CreateUsersPageTest" name="verifyAddUser1" time="11.453"/>
  <testcase classname="testscripts.CreateUsersPageTest" name="verifyLoginWithNewlyAddUser" time="0.0">
    <ignored/>
  </testcase> <!-- verifyLoginWithNewlyAddUser -->
</testsuite> <!-- Default test -->
